                                            The SAS System       19:11 Wednesday, October 22, 2008   8

------------------------------------ name=Algoritmavimo seminaras ------------------------------------

                                         The MEANS Procedure

                              Analysis Variable : start_date start_date

  N           Sum     25th Pctl     50th Pctl     75th Pctl          Mean       Maximum       Minimum
-----------------------------------------------------------------------------------------------------
 14     262149.00      18649.00      18777.00      18780.00      18724.93      18796.00      18649.00
-----------------------------------------------------------------------------------------------------

                               Analysis Variable : start_date start_date

                                  Std Dev        Skewness        Kurtosis
                             --------------------------------------------
                               67.7909278      -0.3090910      -2.2206647
                             --------------------------------------------


------------------------------------ name=Interneto technologijos ------------------------------------

                              Analysis Variable : start_date start_date

  N           Sum     25th Pctl     50th Pctl     75th Pctl          Mean       Maximum       Minimum
-----------------------------------------------------------------------------------------------------
 55    1030582.00      18716.00      18744.00      18771.00      18737.85      18787.00      18667.00
-----------------------------------------------------------------------------------------------------

                               Analysis Variable : start_date start_date

                                  Std Dev        Skewness        Kurtosis
                             --------------------------------------------
                               35.8605417      -0.3010446      -0.9230554
                             --------------------------------------------


--------------------------------------- name=Matematinë logika ---------------------------------------

                              Analysis Variable : start_date start_date

  N           Sum     25th Pctl     50th Pctl     75th Pctl          Mean       Maximum       Minimum
-----------------------------------------------------------------------------------------------------
 36     674725.00      18704.50      18739.50      18790.50      18742.36      18807.00      18666.00
-----------------------------------------------------------------------------------------------------

                               Analysis Variable : start_date start_date

                                  Std Dev        Skewness        Kurtosis
                             --------------------------------------------
                               46.6409708       0.0428275      -1.2905965
                             --------------------------------------------
                                            The SAS System       19:11 Wednesday, October 22, 2008   9

-------------------------------------- name=Operacinës sistemos --------------------------------------

                                         The MEANS Procedure

                              Analysis Variable : start_date start_date

  N           Sum     25th Pctl     50th Pctl     75th Pctl          Mean       Maximum       Minimum
-----------------------------------------------------------------------------------------------------
179    3353245.00      18701.00      18738.00      18767.00      18733.21      18778.00      18665.00
-----------------------------------------------------------------------------------------------------

                               Analysis Variable : start_date start_date

                                  Std Dev        Skewness        Kurtosis
                             --------------------------------------------
                               33.6742436      -0.3262281      -1.2090354
                             --------------------------------------------


---------------------------------- name=Programø sistemø inþinerija ----------------------------------

                              Analysis Variable : start_date start_date

  N           Sum     25th Pctl     50th Pctl     75th Pctl          Mean       Maximum       Minimum
-----------------------------------------------------------------------------------------------------
131    2454334.00      18704.00      18736.00      18764.00      18735.37      18800.00      18666.00
-----------------------------------------------------------------------------------------------------

                               Analysis Variable : start_date start_date

                                  Std Dev        Skewness        Kurtosis
                             --------------------------------------------
                               40.5116006       0.2152627      -1.2281302
                             --------------------------------------------


------------------------------------- name=Psichologijos ávadas --------------------------------------

                              Analysis Variable : start_date start_date

  N           Sum     25th Pctl     50th Pctl     75th Pctl          Mean       Maximum       Minimum
-----------------------------------------------------------------------------------------------------
 53     993769.00      18747.00      18748.00      18781.00      18750.36      18785.00      18665.00
-----------------------------------------------------------------------------------------------------

                               Analysis Variable : start_date start_date

                                  Std Dev        Skewness        Kurtosis
                             --------------------------------------------
                               31.5290430      -1.0484382       0.6616494
                             --------------------------------------------
                                            The SAS System       19:11 Wednesday, October 22, 2008  10

-------------------------- name=Tikimybiø teorija ir matematinë statistika ---------------------------

                                         The MEANS Procedure

                              Analysis Variable : start_date start_date

  N           Sum     25th Pctl     50th Pctl     75th Pctl          Mean       Maximum       Minimum
-----------------------------------------------------------------------------------------------------
105    1967906.00      18717.00      18731.00      18789.00      18741.96      18794.00      18668.00
-----------------------------------------------------------------------------------------------------

                               Analysis Variable : start_date start_date

                                  Std Dev        Skewness        Kurtosis
                             --------------------------------------------
                               40.8253607      -0.1152447      -1.3122827
                             --------------------------------------------


---------------------------------------- name=Vokieèiø kalba -----------------------------------------

                              Analysis Variable : start_date start_date

  N           Sum     25th Pctl     50th Pctl     75th Pctl          Mean       Maximum       Minimum
-----------------------------------------------------------------------------------------------------
209    3916209.00      18707.00      18735.00      18768.00      18737.84      18807.00      18667.00
-----------------------------------------------------------------------------------------------------

                               Analysis Variable : start_date start_date

                                  Std Dev        Skewness        Kurtosis
                             --------------------------------------------
                               34.5669494       0.1207664      -1.1413530
                             --------------------------------------------
